{"correlationId":"health-check","details":{"browserType":"chromium","engine":"puppeteer"},"level":"info","message":"Replication progress update","service":"gist-replicator","stage":"browser_initialization","timestamp":"2025-06-16T18:58:52.080Z","version":"1.0.0"}
{"correlationId":"health-check","details":{"browserType":"chromium","engine":"puppeteer"},"level":"info","message":"Replication progress update","service":"gist-replicator","stage":"browser_initialized","timestamp":"2025-06-16T18:58:53.694Z","version":"1.0.0"}
{"correlationId":"health-check","details":{"browserType":"chromium","engine":"playwright"},"level":"info","message":"Replication progress update","service":"gist-replicator","stage":"browser_initialization","timestamp":"2025-06-16T18:58:53.739Z","version":"1.0.0"}
{"correlationId":"health-check","details":{"browserType":"chromium","engine":"playwright"},"level":"info","message":"Replication progress update","service":"gist-replicator","stage":"browser_initialized","timestamp":"2025-06-16T18:58:54.914Z","version":"1.0.0"}
{"correlationId":"1750100440443-w3bbt9n1p","level":"info","message":"Starting website replication request","options":{"browserEngine":"puppeteer","features":null,"headless":true,"includeAssets":true,"maxConcurrency":5,"optimizeImages":true,"outputDir":"./test-output","timeout":30000},"service":"gist-replicator","timestamp":"2025-06-16T19:00:40.443Z","url":"https://example.com","version":"1.0.0"}
{"correlationId":"1750100440443-w3bbt9n1p","details":{"browserType":"chromium","engine":"puppeteer","isVercel":true},"level":"info","message":"Replication progress update","service":"gist-replicator","stage":"browser_initialization","timestamp":"2025-06-16T19:00:40.444Z","version":"1.0.0"}
{"correlationId":"1750100440443-w3bbt9n1p","details":{"reason":"serverless_environment"},"level":"info","message":"Replication progress update","service":"gist-replicator","stage":"using_fallback_mode","timestamp":"2025-06-16T19:00:40.445Z","version":"1.0.0"}
{"correlationId":"1750100440443-w3bbt9n1p","details":{"browserType":"chromium","engine":"puppeteer","fallbackMode":true},"level":"info","message":"Replication progress update","service":"gist-replicator","stage":"browser_initialized","timestamp":"2025-06-16T19:00:40.445Z","version":"1.0.0"}
{"correlationId":"1750100440443-w3bbt9n1p","details":{},"level":"info","message":"Replication progress update","service":"gist-replicator","stage":"phase_1_extraction_start","timestamp":"2025-06-16T19:00:40.445Z","version":"1.0.0"}
{"correlationId":"1750100440443-w3bbt9n1p","details":{"attempt":1,"maxRetries":3,"operation":"page_extraction"},"level":"info","message":"Replication progress update","service":"gist-replicator","stage":"retry_attempt","timestamp":"2025-06-16T19:00:40.445Z","version":"1.0.0"}
{"correlationId":"1750100440443-w3bbt9n1p","details":{"mode":"http_client","pageId":"1750100440443-w3bbt9n1p-1750100440446","url":"https://example.com"},"level":"info","message":"Replication progress update","service":"gist-replicator","stage":"page_created","timestamp":"2025-06-16T19:00:40.446Z","version":"1.0.0"}
{"correlationId":"1750100440443-w3bbt9n1p","details":{"url":"https://example.com"},"level":"info","message":"Replication progress update","service":"gist-replicator","stage":"navigation_start","timestamp":"2025-06-16T19:00:40.446Z","version":"1.0.0"}
{"correlationId":"1750100440443-w3bbt9n1p","details":{"attempt":1,"maxRetries":3,"url":"https://example.com"},"level":"info","message":"Replication progress update","service":"gist-replicator","stage":"navigation_attempt","timestamp":"2025-06-16T19:00:40.446Z","version":"1.0.0"}
{"correlationId":"1750100440443-w3bbt9n1p","details":{"htmlLength":1256,"resourceCounts":{"images":0,"links":1,"scripts":0,"stylesheets":0},"title":"Example Domain","url":"https://example.com"},"level":"info","message":"Replication progress update","service":"gist-replicator","stage":"page_data_extracted","timestamp":"2025-06-16T19:00:40.566Z","version":"1.0.0"}
{"correlationId":"1750100532712-q07nju9bh","level":"info","message":"Starting website replication request","options":{"browserEngine":"puppeteer","features":null,"headless":true,"includeAssets":true,"maxConcurrency":5,"optimizeImages":true,"outputDir":"./test-output","timeout":30000},"service":"gist-replicator","timestamp":"2025-06-16T19:02:12.712Z","url":"https://example.com","version":"1.0.0"}
{"correlationId":"1750100532712-q07nju9bh","details":{"browserType":"chromium","engine":"puppeteer","isVercel":true},"level":"info","message":"Replication progress update","service":"gist-replicator","stage":"browser_initialization","timestamp":"2025-06-16T19:02:12.714Z","version":"1.0.0"}
{"correlationId":"1750100532712-q07nju9bh","details":{"reason":"serverless_environment"},"level":"info","message":"Replication progress update","service":"gist-replicator","stage":"using_fallback_mode","timestamp":"2025-06-16T19:02:12.714Z","version":"1.0.0"}
{"correlationId":"1750100532712-q07nju9bh","details":{"browserType":"chromium","engine":"puppeteer","fallbackMode":true},"level":"info","message":"Replication progress update","service":"gist-replicator","stage":"browser_initialized","timestamp":"2025-06-16T19:02:12.714Z","version":"1.0.0"}
{"correlationId":"1750100532712-q07nju9bh","details":{},"level":"info","message":"Replication progress update","service":"gist-replicator","stage":"phase_1_extraction_start","timestamp":"2025-06-16T19:02:12.715Z","version":"1.0.0"}
{"correlationId":"1750100532712-q07nju9bh","details":{"attempt":1,"maxRetries":3,"operation":"page_extraction"},"level":"info","message":"Replication progress update","service":"gist-replicator","stage":"retry_attempt","timestamp":"2025-06-16T19:02:12.715Z","version":"1.0.0"}
{"correlationId":"1750100532712-q07nju9bh","details":{"mode":"http_client","pageId":"1750100532712-q07nju9bh-1750100532715","url":"https://example.com"},"level":"info","message":"Replication progress update","service":"gist-replicator","stage":"page_created","timestamp":"2025-06-16T19:02:12.715Z","version":"1.0.0"}
{"correlationId":"1750100532712-q07nju9bh","details":{"url":"https://example.com"},"level":"info","message":"Replication progress update","service":"gist-replicator","stage":"navigation_start","timestamp":"2025-06-16T19:02:12.715Z","version":"1.0.0"}
{"correlationId":"1750100532712-q07nju9bh","details":{"attempt":1,"maxRetries":3,"url":"https://example.com"},"level":"info","message":"Replication progress update","service":"gist-replicator","stage":"navigation_attempt","timestamp":"2025-06-16T19:02:12.715Z","version":"1.0.0"}
{"correlationId":"1750100532712-q07nju9bh","details":{"htmlLength":1256,"resourceCounts":{"images":0,"links":1,"scripts":0,"stylesheets":0},"title":"Example Domain","url":"https://example.com"},"level":"info","message":"Replication progress update","service":"gist-replicator","stage":"page_data_extracted","timestamp":"2025-06-16T19:02:12.864Z","version":"1.0.0"}
{"correlationId":"1750100532712-q07nju9bh","details":{"contentLength":1256,"statusCode":200,"url":"https://example.com"},"level":"info","message":"Replication progress update","service":"gist-replicator","stage":"navigation_complete","timestamp":"2025-06-16T19:02:12.864Z","version":"1.0.0"}
{"correlationId":"1750100532712-q07nju9bh","details":{},"level":"info","message":"Replication progress update","service":"gist-replicator","stage":"phase_2_asset_detection_start","timestamp":"2025-06-16T19:02:12.865Z","version":"1.0.0"}
{"correlationId":"1750100532712-q07nju9bh","details":{"baseUrl":"https://example.com"},"level":"info","message":"Replication progress update","service":"gist-replicator","stage":"asset_detection_start","timestamp":"2025-06-16T19:02:12.865Z","version":"1.0.0"}
{"correlationId":"1750100532712-q07nju9bh","details":{"assetCounts":{"audio":0,"fonts":0,"forms":0,"iframes":0,"images":0,"inlineScripts":0,"inlineStyles":0,"links":1,"scripts":0,"stylesheets":0,"videos":0},"baseUrl":"https://example.com"},"level":"info","message":"Replication progress update","service":"gist-replicator","stage":"asset_detection_complete","timestamp":"2025-06-16T19:02:12.867Z","version":"1.0.0"}
{"correlationId":"1750100532712-q07nju9bh","details":{},"level":"info","message":"Replication progress update","service":"gist-replicator","stage":"phase_3_asset_download_start","timestamp":"2025-06-16T19:02:12.867Z","version":"1.0.0"}
{"correlationId":"1750100532712-q07nju9bh","details":{"concurrency":5,"outputDir":"./test-output","totalAssets":1},"level":"info","message":"Replication progress update","service":"gist-replicator","stage":"asset_download_start","timestamp":"2025-06-16T19:02:12.867Z","version":"1.0.0"}
{"correlationId":"1750100532712-q07nju9bh","details":{"attempt":1,"outputPath":"test-output/assets/misc/example.bin","type":"links","url":"https://www.iana.org/domains/example"},"level":"info","message":"Replication progress update","service":"gist-replicator","stage":"asset_download_attempt","timestamp":"2025-06-16T19:02:12.970Z","version":"1.0.0"}
{"correlationId":"1750100532712-q07nju9bh","details":{"contentType":"text/html; charset=UTF-8","outputPath":"test-output/assets/misc/example.bin","size":4653,"url":"https://www.iana.org/domains/example"},"level":"info","message":"Replication progress update","service":"gist-replicator","stage":"asset_downloaded","timestamp":"2025-06-16T19:02:13.166Z","version":"1.0.0"}
{"correlationId":"1750100532712-q07nju9bh","details":{"bytes":4653,"completed":1,"failed":0,"successRate":"100.00","total":1},"level":"info","message":"Replication progress update","service":"gist-replicator","stage":"asset_download_complete","timestamp":"2025-06-16T19:02:13.167Z","version":"1.0.0"}
{"correlationId":"1750100532712-q07nju9bh","details":{},"level":"info","message":"Replication progress update","service":"gist-replicator","stage":"phase_4_html_processing_start","timestamp":"2025-06-16T19:02:13.167Z","version":"1.0.0"}
{"correlationId":"1750100532712-q07nju9bh","details":{"assetMappingSize":1,"baseUrl":"https://example.com","htmlLength":1256},"level":"info","message":"Replication progress update","service":"gist-replicator","stage":"html_processing_start","timestamp":"2025-06-16T19:02:13.167Z","version":"1.0.0"}
{"correlationId":"1750100532712-q07nju9bh","details":{"updatedCount":0},"level":"info","message":"Replication progress update","service":"gist-replicator","stage":"images_processed","timestamp":"2025-06-16T19:02:13.207Z","version":"1.0.0"}
{"correlationId":"1750100532712-q07nju9bh","details":{"updatedCount":0},"level":"info","message":"Replication progress update","service":"gist-replicator","stage":"stylesheets_processed","timestamp":"2025-06-16T19:02:13.207Z","version":"1.0.0"}
{"correlationId":"1750100532712-q07nju9bh","details":{"updatedCount":0},"level":"info","message":"Replication progress update","service":"gist-replicator","stage":"scripts_processed","timestamp":"2025-06-16T19:02:13.207Z","version":"1.0.0"}
{"correlationId":"1750100532712-q07nju9bh","details":{"updatedCount":0},"level":"info","message":"Replication progress update","service":"gist-replicator","stage":"media_processed","timestamp":"2025-06-16T19:02:13.207Z","version":"1.0.0"}
{"correlationId":"1750100532712-q07nju9bh","details":{"updatedCount":1},"level":"info","message":"Replication progress update","service":"gist-replicator","stage":"links_processed","timestamp":"2025-06-16T19:02:13.207Z","version":"1.0.0"}
{"correlationId":"1750100532712-q07nju9bh","details":{"updatedCount":0},"level":"info","message":"Replication progress update","service":"gist-replicator","stage":"forms_processed","timestamp":"2025-06-16T19:02:13.207Z","version":"1.0.0"}
{"correlationId":"1750100532712-q07nju9bh","details":{"updatedCount":0},"level":"info","message":"Replication progress update","service":"gist-replicator","stage":"inline_styles_processed","timestamp":"2025-06-16T19:02:13.208Z","version":"1.0.0"}
{"correlationId":"1750100532712-q07nju9bh","details":{"baseUrl":"https://example.com","originalLength":1256,"processedLength":5511,"referencesUpdated":1},"level":"info","message":"Replication progress update","service":"gist-replicator","stage":"html_processing_complete","timestamp":"2025-06-16T19:02:13.208Z","version":"1.0.0"}
{"correlationId":"1750100532712-q07nju9bh","details":{},"level":"info","message":"Replication progress update","service":"gist-replicator","stage":"phase_5_file_saving_start","timestamp":"2025-06-16T19:02:13.208Z","version":"1.0.0"}
{"correlationId":"1750100532712-q07nju9bh","details":{"gistLogoPath":"test-output/gist-logo.png"},"level":"info","message":"Replication progress update","service":"gist-replicator","stage":"gist_logo_copied","timestamp":"2025-06-16T19:02:13.211Z","version":"1.0.0"}
{"correlationId":"1750100532712-q07nju9bh","details":{"hasScreenshot":false,"htmlPath":"test-output/index.html","metadataPath":"test-output/metadata.json"},"level":"info","message":"Replication progress update","service":"gist-replicator","stage":"files_saved","timestamp":"2025-06-16T19:02:13.211Z","version":"1.0.0"}
{"correlationId":"1750100532712-q07nju9bh","details":{"duration":499,"outputPath":"./test-output","success":true,"url":"https://example.com"},"level":"info","message":"Replication progress update","service":"gist-replicator","stage":"replication_complete","timestamp":"2025-06-16T19:02:13.211Z","version":"1.0.0"}
